<?xml version="1.0" encoding="UTF-8"?>
<testExecutions version="1">
    <file path="C:\Users\Jackie\Documents\University\SENG302\team-900\frontend\src\__tests__\BusinessListings.test.js">
        <testCase name="Component is a Vue instance" duration="88"/>
        <testCase name="UI tests Table/grid view switch changes successfully" duration="190"/>
    </file>
    <file path="C:\Users\Jackie\Documents\University\SENG302\team-900\frontend\src\__tests__\ActingAs.test.js">
        <testCase name="User acting as tests is a Vue instance" duration="43"/>
        <testCase name="User acting as tests Check username is shown" duration="37"/>
        <testCase name="User acting as tests Check username is displaying the correct username and role" duration="21"/>
        <testCase name="User acting as tests Check user primary businesses list is rendered" duration="26"/>
        <testCase name="User acting as tests Check selecting business in dropdown calls setActingAsBusinessId method" duration="15"/>
        <testCase name="User acting as tests Check selecting user calls setActingAsUser method" duration="26"/>
    </file>
    <file path="C:\Users\Jackie\Documents\University\SENG302\team-900\frontend\src\__tests__\Homepage.test.js">
        <testCase name="Homepage user tests User&apos;s first name is shown" duration="187"/>
        <testCase name="Homepage user tests Go to profile gets called when clicked" duration="29"/>
        <testCase name="Homepage user tests Go to marketplace is present" duration="31"/>
        <testCase name="Homepage business tests is a Vue instance" duration="21"/>
        <testCase name="Homepage business tests Business&apos;s name is shown" duration="31"/>
        <testCase name="Homepage business tests Go to business profile gets called when clicked" duration="40"/>
        <testCase name="Homepage business tests Go to business catalogue gets called when clicked" duration="26"/>
    </file>
    <file path="C:\Users\Jackie\Documents\University\SENG302\team-900\frontend\src\components\tests\Users.test.js">
        <testCase name="User profile page tests Check calculateDuration is called" duration="185"/>
        <testCase name="User profile page tests User info loads successfully" duration="47"/>
        <testCase name="User profile page tests addUserToBusiness function is called" duration="80"/>
        <testCase name="Business link tests with businesses Business names load successfully" duration="22"/>
        <testCase name="Business link tests with businesses goToBusinessPage function gets called" duration="22"/>
        <testCase name="Business link tests without businesses Business names don&apos;t appear" duration="87"/>
    </file>
    <file path="C:\Users\Jackie\Documents\University\SENG302\team-900\frontend\src\__tests__\AddToCatalogue.test.js">
        <testCase name="Component is a Vue instance" duration="112"/>
        <testCase name="Add To Catalogue form error checking Handles empty Register" duration="91"/>
        <testCase name="Add To Catalogue form error checking Handles no product name" duration="44"/>
        <testCase name="Add To Catalogue form error checking Handles no product id" duration="64"/>
        <testCase name="Add To Catalogue form error checking Handles no rrp" duration="43"/>
        <testCase name="Add To Catalogue form error checking Handles negative rrp" duration="36"/>
        <testCase name="Add To Catalogue form error checking Handles no description, manufacturer" duration="54"/>
    </file>
    <file path="C:\Users\Jackie\Documents\University\SENG302\team-900\frontend\src\__tests__\ModifyCatalog.test.js">
        <testCase name="Component is a Vue instance" duration="161"/>
        <testCase name="Modify Catalogue form error checking Handles no product name modification" duration="110"/>
        <testCase name="Modify Catalogue form error checking Handles no product id modification" duration="50"/>
        <testCase name="Modify Catalogue form error checking Handles no manufacturer modification" duration="47"/>
        <testCase name="Modify Catalogue form error checking Handles no rrp modification" duration="33"/>
        <testCase name="Modify Catalogue form error checking Handles negative rrp modification" duration="56"/>
    </file>
    <file path="C:\Users\Jackie\Documents\University\SENG302\team-900\frontend\src\components\tests\Business.test.js">
        <testCase name="Business tests is a Vue instance" duration="123"/>
        <testCase name="Business tests has business" duration="32"/>
        <testCase name="Successful login business page loads successfully" duration="48"/>
    </file>
    <file path="C:\Users\Jackie\Documents\University\SENG302\team-900\frontend\src\components\tests\ImageUpload.test.js">
        <testCase name="Test image upload button uploadImage is called when new file uploaded" duration="32"/>
    </file>
    <file path="C:\Users\Jackie\Documents\University\SENG302\team-900\frontend\src\__tests__\Login.test.js">
        <testCase name="Login error checking Handles empty login" duration="79"/>
        <testCase name="Login error checking Handles only email" duration="16"/>
        <testCase name="Login error checking Handles only password" duration="17"/>
        <testCase name="Login error checking Handles bad email" duration="19"/>
    </file>
    <file path="C:\Users\Jackie\Documents\University\SENG302\team-900\frontend\src\__tests__\BusinessAdministrators.test.js">
        <testCase name="Component is a Vue instance" duration="10"/>
        <testCase name="Component Props data loads correctly." duration="17"/>
        <testCase name="UI components render successfully Correct number of admin cards generate" duration="6"/>
        <testCase name="Checking method functions Router pushes" duration="6"/>
    </file>
    <file path="C:\Users\Jackie\Documents\University\SENG302\team-900\frontend\src\__tests__\Search.test.js">
        <testCase name="Search page tests Table exists when valid data is in response" duration="45"/>
        <testCase name="Search page tests Mobile mode not on when window is normal size" duration="20"/>
        <testCase name="Search page tests Mobile mode active when window size is reduced" duration="15"/>
    </file>
    <file path="C:\Users\Jackie\Documents\University\SENG302\team-900\frontend\src\__tests__\Register.test.js">
        <testCase name="Register error checking Handles empty register" duration="439"/>
        <testCase name="Register error checking Handles only email" duration="272"/>
        <testCase name="Register error checking Handles only password" duration="273"/>
        <testCase name="Register error checking Handles bad email" duration="143"/>
        <testCase name="Register error checking Handles large bio too large" duration="129"/>
        <testCase name="Method Checking Country is successfully set" duration="83"/>
        <testCase name="Method Checking City is successfully set" duration="91"/>
        <testCase name="Checking age validity Test empty date of birth" duration="81"/>
        <testCase name="Checking age validity Test successful age older than 13" duration="69"/>
        <testCase name="Checking age validity Test unsuccessful age younger than 13" duration="50"/>
        <testCase name="Checking age validity Test date of birth of now to be invalid" duration="69"/>
    </file>
    <file path="C:\Users\Jackie\Documents\University\SENG302\team-900\frontend\src\__tests__\ProductCatalogue.test.js">
        <testCase name="Component is a Vue instance" duration="100"/>
        <testCase name="ProductCatalogue business tests Business&apos;s name is shown in the title" duration="28"/>
    </file>
    <file path="C:\Users\Jackie\Documents\University\SENG302\team-900\frontend\src\__tests__\RegisterBusiness.test.js">
        <testCase name="Business Register error checking Handles empty Register" duration="232"/>
        <testCase name="Business Register error checking Handles only name" duration="106"/>
        <testCase name="Business Register error checking Handles only a type" duration="84"/>
        <testCase name="Business Register error checking Handles old enough user" duration="86"/>
        <testCase name="Business Register user age checking Handles to young user" duration="79"/>
        <testCase name="Business registration method checking Country is successfully set" duration="62"/>
        <testCase name="Business registration method checking City is successfully set" duration="61"/>
        <testCase name="Checking valid age to register a business Test empty date of birth" duration="51"/>
        <testCase name="Checking valid age to register a business Test successful age older than 16" duration="49"/>
        <testCase name="Checking valid age to register a business Test unsuccessful age younger than 16" duration="51"/>
        <testCase name="Checking valid age to register a business Test date of birth of now to be invalid" duration="49"/>
        <testCase name="Check user sessions Not logged in (no userId in store)" duration="59"/>
    </file>
    <file path="C:\Users\Jackie\Documents\University\SENG302\team-900\frontend\src\__tests__\BusinessInventory.test.js">
        <testCase name="Component is a Vue instance" duration="243"/>
        <testCase name="New sale listing modal tests No changes to input fields - reject form" duration="186"/>
        <testCase name="New sale listing modal tests Invalid form with negative price" duration="153"/>
        <testCase name="New sale listing modal tests Invalid form with bad quantity" duration="141"/>
        <testCase name="New sale listing modal tests Invalid form with bad date" duration="135"/>
        <testCase name="New sale listing modal tests Successfully creates a new form" duration="127"/>
        <testCase name="New sale listing modal tests New Listing closes on button click" duration="116"/>
    </file>
</testExecutions>