<?xml version="1.0" encoding="UTF-8"?>
<testExecutions version="1">
    <file path="/home/cosc/student/osh18/WebstormProjects/team-900/frontend/src/__tests__/ActingAs.test.js">
        <testCase name="User acting as tests is a Vue instance" duration="16"/>
        <testCase name="User acting as tests Check username is shown" duration="7"/>
        <testCase name="User acting as tests Check username is displaying the correct username and role" duration="7">
            <failure message="Error: expect(received).toBe(expected) // Object.is equality"><![CDATA[Error: expect(received).toBe(expected) // Object.is equality

Expected: "Wileen Tisley"
Received: ""
    at Object.<anonymous> (/home/cosc/student/osh18/WebstormProjects/team-900/frontend/src/__tests__/ActingAs.test.js:115:46)
    at Object.asyncJestTest (/home/cosc/student/osh18/WebstormProjects/team-900/frontend/node_modules/jest-jasmine2/build/jasmineAsyncInstall.js:106:37)
    at /home/cosc/student/osh18/WebstormProjects/team-900/frontend/node_modules/jest-jasmine2/build/queueRunner.js:45:12
    at new Promise (<anonymous>)
    at mapper (/home/cosc/student/osh18/WebstormProjects/team-900/frontend/node_modules/jest-jasmine2/build/queueRunner.js:28:19)
    at /home/cosc/student/osh18/WebstormProjects/team-900/frontend/node_modules/jest-jasmine2/build/queueRunner.js:75:41
    at processTicksAndRejections (internal/process/task_queues.js:93:5)]]></failure>
        </testCase>
        <testCase name="User acting as tests Check user primary businesses list is rendered" duration="6"/>
        <testCase name="User acting as tests Check selecting business in dropdown calls setActingAsBusinessId method" duration="6"/>
        <testCase name="User acting as tests Check selecting user calls setActingAsUser method" duration="5"/>
        <testCase name="User acting as tests Testing the get username" duration="4">
            <failure message="Error: expect(received).toEqual(expected) // deep equality"><![CDATA[Error: expect(received).toEqual(expected) // deep equality

Expected: "Wileen Tisley"
Received: null
    at Object.<anonymous> (/home/cosc/student/osh18/WebstormProjects/team-900/frontend/src/__tests__/ActingAs.test.js:185:48)
    at processTicksAndRejections (internal/process/task_queues.js:93:5)]]></failure>
        </testCase>
    </file>
</testExecutions>