<?xml version="1.0" encoding="UTF-8"?>
<testExecutions version="1">
    <file path="/home/cosc/student/osh18/WebstormProjects/team-900/frontend/src/components/tests/Business.test.js">
        <testCase name="Business tests is a Vue instance" duration="95"/>
        <testCase name="Business tests has business" duration="17"/>
        <testCase name="Successful login business page loads successfully" duration="19"/>
    </file>
    <file path="/home/cosc/student/osh18/WebstormProjects/team-900/frontend/src/__tests__/Homepage.test.js">
        <testCase name="Homepage user tests User&apos;s first name is shown" duration="97"/>
        <testCase name="Homepage user tests Go to profile gets called when clicked" duration="21"/>
        <testCase name="Homepage user tests Go to marketplace is present" duration="14"/>
        <testCase name="Homepage business tests is a Vue instance" duration="14"/>
        <testCase name="Homepage business tests Business&apos;s name is shown" duration="17"/>
        <testCase name="Homepage business tests Go to business profile gets called when clicked" duration="36"/>
        <testCase name="Homepage business tests Go to business catalogue gets called when clicked" duration="33"/>
    </file>
    <file path="/home/cosc/student/osh18/WebstormProjects/team-900/frontend/src/__tests__/AddToCatalogue.test.js">
        <testCase name="Component is a Vue instance" duration="71"/>
        <testCase name="Add To Catalogue form error checking Handles empty Register" duration="69"/>
        <testCase name="Add To Catalogue form error checking Handles no product name" duration="34"/>
        <testCase name="Add To Catalogue form error checking Handles no product id" duration="27"/>
        <testCase name="Add To Catalogue form error checking Handles no rrp" duration="46"/>
        <testCase name="Add To Catalogue form error checking Handles negative rrp" duration="17"/>
        <testCase name="Add To Catalogue form error checking Handles no description, manufacturer" duration="22"/>
    </file>
    <file path="/home/cosc/student/osh18/WebstormProjects/team-900/frontend/src/components/tests/Users.test.js">
        <testCase name="User profile page tests Check calculateDuration is called" duration="151"/>
        <testCase name="User profile page tests User info loads successfully" duration="36"/>
        <testCase name="User profile page tests addUserToBusiness function is called" duration="44"/>
        <testCase name="Business link tests with businesses Business names load successfully" duration="24"/>
        <testCase name="Business link tests with businesses goToBusinessPage function gets called" duration="17"/>
        <testCase name="Business link tests without businesses Business names don&apos;t appear" duration="18"/>
    </file>
    <file path="/home/cosc/student/osh18/WebstormProjects/team-900/frontend/src/__tests__/RegisterBusiness.test.js">
        <testCase name="Business Register error checking Handles empty Register" duration="137"/>
        <testCase name="Business Register error checking Handles only name" duration="60"/>
        <testCase name="Business Register error checking Handles only a type" duration="39"/>
        <testCase name="Business Register error checking Handles old enough user" duration="34"/>
        <testCase name="Business Register user age checking Handles to young user" duration="33"/>
    </file>
    <file path="/home/cosc/student/osh18/WebstormProjects/team-900/frontend/src/__tests__/Register.test.js">
        <testCase name="Register error checking Handles empty register" duration="231"/>
        <testCase name="Register error checking Handles only email" duration="56"/>
        <testCase name="Register error checking Handles only password" duration="47"/>
        <testCase name="Register error checking Handles bad email" duration="43"/>
    </file>
    <file path="/home/cosc/student/osh18/WebstormProjects/team-900/frontend/src/__tests__/ModifyCatalog.test.js">
        <testCase name="Component is a Vue instance" duration="145"/>
        <testCase name="Modify Catalogue form error checking Handles no product name modification" duration="52"/>
        <testCase name="Modify Catalogue form error checking Handles no product id modification" duration="34"/>
        <testCase name="Modify Catalogue form error checking Handles no manufacturer modification" duration="32"/>
        <testCase name="Modify Catalogue form error checking Handles no rrp modification" duration="28"/>
        <testCase name="Modify Catalogue form error checking Handles negative rrp modification" duration="32"/>
    </file>
    <file path="/home/cosc/student/osh18/WebstormProjects/team-900/frontend/src/__tests__/Search.test.js">
        <testCase name="Search page tests Table exists when valid data is in response" duration="28"/>
        <testCase name="Search page tests Mobile mode not on when window is normal size" duration="21"/>
        <testCase name="Search page tests Mobile mode active when window size is reduced" duration="15"/>
    </file>
    <file path="/home/cosc/student/osh18/WebstormProjects/team-900/frontend/src/__tests__/ProductCatalogue.test.js">
        <testCase name="Component is a Vue instance" duration="36"/>
        <testCase name="ProductCatalogue business tests Business&apos;s name is shown in the title" duration="19"/>
    </file>
    <file path="/home/cosc/student/osh18/WebstormProjects/team-900/frontend/src/__tests__/BusinessListings.test.js">
        <testCase name="Component is a Vue instance" duration="15"/>
        <testCase name="UI tests Table/grid view switch changes successfully" duration="29"/>
    </file>
    <file path="/home/cosc/student/osh18/WebstormProjects/team-900/frontend/src/components/tests/ImageUpload.test.js">
        <testCase name="Test image upload button uploadImage is called when new file uploaded" duration="18"/>
    </file>
    <file path="/home/cosc/student/osh18/WebstormProjects/team-900/frontend/src/__tests__/Login.test.js">
        <testCase name="Login error checking Handles empty login" duration="54"/>
        <testCase name="Login error checking Handles only email" duration="15"/>
        <testCase name="Login error checking Handles only password" duration="9"/>
        <testCase name="Login error checking Handles bad email" duration="13"/>
    </file>
    <file path="/home/cosc/student/osh18/WebstormProjects/team-900/frontend/src/__tests__/ActingAs.test.js">
        <testCase name="User acting as tests is a Vue instance" duration="13"/>
        <testCase name="User acting as tests Check username is shown" duration="11"/>
        <testCase name="User acting as tests Check username is displaying the correct username and role" duration="8"/>
        <testCase name="User acting as tests Check user primary businesses list is rendered" duration="13"/>
        <testCase name="User acting as tests Check selecting business in dropdown calls setActingAsBusinessId method" duration="7"/>
        <testCase name="User acting as tests Check selecting user calls setActingAsUser method" duration="8"/>
    </file>
    <file path="/home/cosc/student/osh18/WebstormProjects/team-900/frontend/src/__tests__/BusinessInventory.test.js">
        <testCase name="Component is a Vue instance" duration="68"/>
        <testCase name="Inventory Table Loads appropriate data" duration="52"/>
    </file>
</testExecutions>