<?xml version="1.0" encoding="UTF-8"?>
<testExecutions version="1">
    <file path="C:\Users\rta11\git2\team-900\frontend\src\__tests__\ModifyCatalog.test.js">
        <testCase name="Component is a Vue instance" duration="105"/>
        <testCase name="Modify Catalogue form error checking Handles empty modification" duration="59"/>
        <testCase name="Modify Catalogue form error checking Handles no product name modification" duration="47"/>
        <testCase name="Modify Catalogue form error checking Handles no product id modification" duration="37"/>
        <testCase name="Modify Catalogue form error checking Handles no rrp modification" duration="24"/>
        <testCase name="Modify Catalogue form error checking Handles negative rrp modification" duration="23"/>
    </file>
    <file path="C:\Users\rta11\git2\team-900\frontend\src\__tests__\AddToCatalogue.test.js">
        <testCase name="Component is a Vue instance" duration="92"/>
        <testCase name="Add To Catalogue form error checking Handles empty Register" duration="82"/>
        <testCase name="Add To Catalogue form error checking Handles no product name" duration="31"/>
        <testCase name="Add To Catalogue form error checking Handles no product id" duration="34"/>
        <testCase name="Add To Catalogue form error checking Handles no rrp" duration="24"/>
        <testCase name="Add To Catalogue form error checking Handles negative rrp" duration="24"/>
        <testCase name="Add To Catalogue form error checking Handles no description, manufacturer" duration="29"/>
    </file>
    <file path="C:\Users\rta11\git2\team-900\frontend\src\__tests__\ActingAs.test.js">
        <testCase name="User acting as tests is a Vue instance" duration="52"/>
        <testCase name="User acting as tests Check username is shown" duration="27"/>
        <testCase name="User acting as tests Check username is displaying the correct username and role" duration="24">
            <failure message="Error: expect(received).toBe(expected) // Object.is equality"><![CDATA[Error: expect(received).toBe(expected) // Object.is equality

Expected: "Logged in as USER Wileen Tisley"
Received: "Wileen Tisley"
    at Object.<anonymous> (C:\Users\rta11\git2\team-900\frontend\src\__tests__\ActingAs.test.js:129:46)
    at Object.asyncJestTest (C:\Users\rta11\git2\team-900\frontend\node_modules\jest-jasmine2\build\jasmineAsyncInstall.js:106:37)
    at C:\Users\rta11\git2\team-900\frontend\node_modules\jest-jasmine2\build\queueRunner.js:45:12
    at new Promise (<anonymous>)
    at mapper (C:\Users\rta11\git2\team-900\frontend\node_modules\jest-jasmine2\build\queueRunner.js:28:19)
    at C:\Users\rta11\git2\team-900\frontend\node_modules\jest-jasmine2\build\queueRunner.js:75:41
    at processTicksAndRejections (internal/process/task_queues.js:93:5)]]></failure>
        </testCase>
        <testCase name="User acting as tests Check user primary businesses dropdown is rendered" duration="15">
            <failure message="Error: expect(received).toBe(expected) // Object.is equality"><![CDATA[Error: expect(received).toBe(expected) // Object.is equality

Expected: true
Received: false
    at Object.<anonymous> (C:\Users\rta11\git2\team-900\frontend\src\__tests__\ActingAs.test.js:133:52)
    at Object.asyncJestTest (C:\Users\rta11\git2\team-900\frontend\node_modules\jest-jasmine2\build\jasmineAsyncInstall.js:106:37)
    at C:\Users\rta11\git2\team-900\frontend\node_modules\jest-jasmine2\build\queueRunner.js:45:12
    at new Promise (<anonymous>)
    at mapper (C:\Users\rta11\git2\team-900\frontend\node_modules\jest-jasmine2\build\queueRunner.js:28:19)
    at C:\Users\rta11\git2\team-900\frontend\node_modules\jest-jasmine2\build\queueRunner.js:75:41
    at processTicksAndRejections (internal/process/task_queues.js:93:5)]]></failure>
        </testCase>
        <testCase name="User acting as tests Check selecting business in dropdown calls setActingAsBusinessId method" duration="13">
            <failure message="Error: [vue-test-utils]: find did not return .dropdown, cannot call trigger() on empty Wrapper"><![CDATA[Error: [vue-test-utils]: find did not return .dropdown, cannot call trigger() on empty Wrapper
    at throwError (C:\Users\rta11\git2\team-900\frontend\node_modules\@vue\test-utils\dist\vue-test-utils.js:1700:9)
    at ErrorWrapper.trigger (C:\Users\rta11\git2\team-900\frontend\node_modules\@vue\test-utils\dist\vue-test-utils.js:8962:3)
    at Object.<anonymous> (C:\Users\rta11\git2\team-900\frontend\src\__tests__\ActingAs.test.js:171:35)
    at Object.asyncJestTest (C:\Users\rta11\git2\team-900\frontend\node_modules\jest-jasmine2\build\jasmineAsyncInstall.js:106:37)
    at C:\Users\rta11\git2\team-900\frontend\node_modules\jest-jasmine2\build\queueRunner.js:45:12
    at new Promise (<anonymous>)
    at mapper (C:\Users\rta11\git2\team-900\frontend\node_modules\jest-jasmine2\build\queueRunner.js:28:19)
    at C:\Users\rta11\git2\team-900\frontend\node_modules\jest-jasmine2\build\queueRunner.js:75:41
    at processTicksAndRejections (internal/process/task_queues.js:93:5)]]></failure>
        </testCase>
        <testCase name="User acting as tests Check selecting user calls setActingAsUser method" duration="8">
            <failure message="Error: [vue-test-utils]: find did not return .dropdown, cannot call trigger() on empty Wrapper"><![CDATA[Error: [vue-test-utils]: find did not return .dropdown, cannot call trigger() on empty Wrapper
    at throwError (C:\Users\rta11\git2\team-900\frontend\node_modules\@vue\test-utils\dist\vue-test-utils.js:1700:9)
    at ErrorWrapper.trigger (C:\Users\rta11\git2\team-900\frontend\node_modules\@vue\test-utils\dist\vue-test-utils.js:8962:3)
    at Object.<anonymous> (C:\Users\rta11\git2\team-900\frontend\src\__tests__\ActingAs.test.js:196:35)
    at Object.asyncJestTest (C:\Users\rta11\git2\team-900\frontend\node_modules\jest-jasmine2\build\jasmineAsyncInstall.js:106:37)
    at C:\Users\rta11\git2\team-900\frontend\node_modules\jest-jasmine2\build\queueRunner.js:45:12
    at new Promise (<anonymous>)
    at mapper (C:\Users\rta11\git2\team-900\frontend\node_modules\jest-jasmine2\build\queueRunner.js:28:19)
    at C:\Users\rta11\git2\team-900\frontend\node_modules\jest-jasmine2\build\queueRunner.js:75:41
    at processTicksAndRejections (internal/process/task_queues.js:93:5)]]></failure>
        </testCase>
    </file>
    <file path="C:\Users\rta11\git2\team-900\frontend\src\__tests__\Login.test.js">
        <testCase name="Login error checking Handles empty login" duration="98"/>
        <testCase name="Login error checking Handles only email" duration="25"/>
        <testCase name="Login error checking Handles only password" duration="24"/>
        <testCase name="Login error checking Handles bad email" duration="18"/>
    </file>
    <file path="C:\Users\rta11\git2\team-900\frontend\src\__tests__\Homepage.test.js">
        <testCase name="Homepage user tests User&apos;s first name is shown" duration="154"/>
        <testCase name="Homepage user tests Go to profile gets called when clicked" duration="11"/>
        <testCase name="Homepage business tests is a Vue instance" duration="17"/>
        <testCase name="Homepage business tests Business&apos;s name is shown" duration="8"/>
        <testCase name="Homepage business tests Go to business profile gets called when clicked" duration="8"/>
        <testCase name="Homepage business tests Go to business catalogue gets called when clicked" duration="7"/>
    </file>
    <file path="C:\Users\rta11\git2\team-900\frontend\src\components\tests\ImageUpload.test.js">
        <testCase name="Test image upload button uploadImage is called when new file uploaded" duration="34"/>
    </file>
    <file path="C:\Users\rta11\git2\team-900\frontend\src\components\tests\Users.test.js">
        <testCase name="User profile page tests Check calculateDuration is called" duration="150"/>
        <testCase name="User profile page tests User info loads successfully" duration="29"/>
        <testCase name="User profile page tests addUserToBusiness function is called" duration="43"/>
        <testCase name="Business link tests with businesses Business names load successfully" duration="26"/>
        <testCase name="Business link tests with businesses goToBusinessPage function gets called" duration="24"/>
        <testCase name="Business link tests without businesses Business names don&apos;t appear" duration="19"/>
    </file>
    <file path="C:\Users\rta11\git2\team-900\frontend\src\__tests__\Register.test.js">
        <testCase name="Register error checking Handles empty register" duration="195"/>
        <testCase name="Register error checking Handles only email" duration="53"/>
        <testCase name="Register error checking Handles only password" duration="46"/>
        <testCase name="Register error checking Handles bad email" duration="49"/>
    </file>
    <file path="C:\Users\rta11\git2\team-900\frontend\src\components\tests\Business.test.js">
        <testCase name="Business tests is a Vue instance" duration="16"/>
        <testCase name="Business tests has business" duration="10"/>
        <testCase name="Successful login business page loads successfully" duration="12"/>
    </file>
    <file path="C:\Users\rta11\git2\team-900\frontend\src\__tests__\Search.test.js">
        <testCase name="Search page tests Table exists when valid data is in response" duration="18"/>
        <testCase name="Search page tests Mobile mode not on when window is normal size" duration="12"/>
        <testCase name="Search page tests Mobile mode active when window size is reduced" duration="9"/>
    </file>
    <file path="C:\Users\rta11\git2\team-900\frontend\src\__tests__\RegisterBusiness.test.js">
        <testCase name="Business Register error checking Handles empty Register" duration="22">
            <failure message="Error: expect(received).toBe(expected) // Object.is equality"><![CDATA[Error: expect(received).toBe(expected) // Object.is equality

Expected: 4
Received: 3
    at Object.<anonymous> (C:\Users\rta11\git2\team-900\frontend\src\__tests__\RegisterBusiness.test.js:63:42)
    at Object.asyncJestTest (C:\Users\rta11\git2\team-900\frontend\node_modules\jest-jasmine2\build\jasmineAsyncInstall.js:106:37)
    at C:\Users\rta11\git2\team-900\frontend\node_modules\jest-jasmine2\build\queueRunner.js:45:12
    at new Promise (<anonymous>)
    at mapper (C:\Users\rta11\git2\team-900\frontend\node_modules\jest-jasmine2\build\queueRunner.js:28:19)
    at C:\Users\rta11\git2\team-900\frontend\node_modules\jest-jasmine2\build\queueRunner.js:75:41
    at processTicksAndRejections (internal/process/task_queues.js:93:5)]]></failure>
        </testCase>
        <testCase name="Business Register error checking Handles only name" duration="14">
            <failure message="Error: expect(received).toBe(expected) // Object.is equality"><![CDATA[Error: expect(received).toBe(expected) // Object.is equality

Expected: 3
Received: 2
    at Object.<anonymous> (C:\Users\rta11\git2\team-900\frontend\src\__tests__\RegisterBusiness.test.js:70:42)
    at Object.asyncJestTest (C:\Users\rta11\git2\team-900\frontend\node_modules\jest-jasmine2\build\jasmineAsyncInstall.js:106:37)
    at C:\Users\rta11\git2\team-900\frontend\node_modules\jest-jasmine2\build\queueRunner.js:45:12
    at new Promise (<anonymous>)
    at mapper (C:\Users\rta11\git2\team-900\frontend\node_modules\jest-jasmine2\build\queueRunner.js:28:19)
    at C:\Users\rta11\git2\team-900\frontend\node_modules\jest-jasmine2\build\queueRunner.js:75:41
    at processTicksAndRejections (internal/process/task_queues.js:93:5)]]></failure>
        </testCase>
        <testCase name="Business Register error checking Handles only a type" duration="14">
            <failure message="Error: expect(received).toBe(expected) // Object.is equality"><![CDATA[Error: expect(received).toBe(expected) // Object.is equality

Expected: 3
Received: 2
    at Object.<anonymous> (C:\Users\rta11\git2\team-900\frontend\src\__tests__\RegisterBusiness.test.js:76:42)
    at Object.asyncJestTest (C:\Users\rta11\git2\team-900\frontend\node_modules\jest-jasmine2\build\jasmineAsyncInstall.js:106:37)
    at C:\Users\rta11\git2\team-900\frontend\node_modules\jest-jasmine2\build\queueRunner.js:45:12
    at new Promise (<anonymous>)
    at mapper (C:\Users\rta11\git2\team-900\frontend\node_modules\jest-jasmine2\build\queueRunner.js:28:19)
    at C:\Users\rta11\git2\team-900\frontend\node_modules\jest-jasmine2\build\queueRunner.js:75:41
    at processTicksAndRejections (internal/process/task_queues.js:93:5)]]></failure>
        </testCase>
        <testCase name="Business Register error checking Handles old enough user" duration="12">
            <failure message="Error: expect(received).toBe(expected) // Object.is equality"><![CDATA[Error: expect(received).toBe(expected) // Object.is equality

Expected: 4
Received: 3
    at Object.<anonymous> (C:\Users\rta11\git2\team-900\frontend\src\__tests__\RegisterBusiness.test.js:82:42)
    at Object.asyncJestTest (C:\Users\rta11\git2\team-900\frontend\node_modules\jest-jasmine2\build\jasmineAsyncInstall.js:106:37)
    at C:\Users\rta11\git2\team-900\frontend\node_modules\jest-jasmine2\build\queueRunner.js:45:12
    at new Promise (<anonymous>)
    at mapper (C:\Users\rta11\git2\team-900\frontend\node_modules\jest-jasmine2\build\queueRunner.js:28:19)
    at C:\Users\rta11\git2\team-900\frontend\node_modules\jest-jasmine2\build\queueRunner.js:75:41
    at processTicksAndRejections (internal/process/task_queues.js:93:5)]]></failure>
        </testCase>
        <testCase name="Business Register user age checking Handles to young user" duration="16"/>
    </file>
</testExecutions>