<?xml version="1.0" encoding="UTF-8"?>
<testExecutions version="1">
    <file path="C:\Users\Jackie\Documents\University\SENG302\team-900\frontend\src\components\tests\Business.test.js">
        <testCase name="Business tests is a Vue instance" duration="89"/>
        <testCase name="Business tests has business" duration="18"/>
        <testCase name="Successful login business page loads successfully" duration="57"/>
    </file>
    <file path="C:\Users\Jackie\Documents\University\SENG302\team-900\frontend\src\__tests__\Homepage.test.js">
        <testCase name="Homepage user tests User&apos;s first name is shown" duration="196"/>
        <testCase name="Homepage user tests Go to profile gets called when clicked" duration="15"/>
        <testCase name="Homepage business tests is a Vue instance" duration="15"/>
        <testCase name="Homepage business tests Business&apos;s name is shown" duration="21"/>
        <testCase name="Homepage business tests Go to business profile gets called when clicked" duration="13"/>
        <testCase name="Homepage business tests Go to business catalogue gets called when clicked" duration="23"/>
    </file>
    <file path="C:\Users\Jackie\Documents\University\SENG302\team-900\frontend\src\__tests__\ActingAs.test.js">
        <testCase name="User acting as tests is a Vue instance" duration="93"/>
        <testCase name="User acting as tests Check username is shown" duration="27"/>
        <testCase name="User acting as tests Check username is displaying the correct username and role" duration="40"/>
        <testCase name="User acting as tests Check user primary businesses list is rendered" duration="11"/>
        <testCase name="User acting as tests Check selecting business in dropdown calls setActingAsBusinessId method" duration="30"/>
        <testCase name="User acting as tests Check selecting user calls setActingAsUser method" duration="12"/>
    </file>
    <file path="C:\Users\Jackie\Documents\University\SENG302\team-900\frontend\src\__tests__\RegisterBusiness.test.js">
        <testCase name="Business Register error checking Handles empty Register" duration="135"/>
        <testCase name="Business Register error checking Handles only name" duration="99"/>
        <testCase name="Business Register error checking Handles only a type" duration="50"/>
        <testCase name="Business Register error checking Handles old enough user" duration="37"/>
        <testCase name="Business Register user age checking Handles to young user" duration="49"/>
    </file>
    <file path="C:\Users\Jackie\Documents\University\SENG302\team-900\frontend\src\__tests__\ModifyCatalog.test.js">
        <testCase name="Component is a Vue instance" duration="159"/>
        <testCase name="Modify Catalogue form error checking Handles empty modification" duration="67"/>
        <testCase name="Modify Catalogue form error checking Handles no product name modification" duration="73"/>
        <testCase name="Modify Catalogue form error checking Handles no product id modification" duration="39"/>
        <testCase name="Modify Catalogue form error checking Handles no rrp modification" duration="62"/>
        <testCase name="Modify Catalogue form error checking Handles negative rrp modification" duration="34"/>
    </file>
    <file path="C:\Users\Jackie\Documents\University\SENG302\team-900\frontend\src\__tests__\AddToCatalogue.test.js">
        <testCase name="Component is a Vue instance" duration="114"/>
        <testCase name="Add To Catalogue form error checking Handles empty Register" duration="106"/>
        <testCase name="Add To Catalogue form error checking Handles no product name" duration="91"/>
        <testCase name="Add To Catalogue form error checking Handles no product id" duration="58"/>
        <testCase name="Add To Catalogue form error checking Handles no rrp" duration="49"/>
        <testCase name="Add To Catalogue form error checking Handles negative rrp" duration="36"/>
        <testCase name="Add To Catalogue form error checking Handles no description, manufacturer" duration="43"/>
    </file>
    <file path="C:\Users\Jackie\Documents\University\SENG302\team-900\frontend\src\components\tests\ImageUpload.test.js">
        <testCase name="Test image upload button uploadImage is called when new file uploaded" duration="88"/>
    </file>
    <file path="C:\Users\Jackie\Documents\University\SENG302\team-900\frontend\src\__tests__\Search.test.js">
        <testCase name="Search page tests Table exists when valid data is in response" duration="81"/>
        <testCase name="Search page tests Mobile mode not on when window is normal size" duration="33"/>
        <testCase name="Search page tests Mobile mode active when window size is reduced" duration="19"/>
    </file>
    <file path="C:\Users\Jackie\Documents\University\SENG302\team-900\frontend\src\__tests__\Login.test.js">
        <testCase name="Login error checking Handles empty login" duration="163"/>
        <testCase name="Login error checking Handles only email" duration="20"/>
        <testCase name="Login error checking Handles only password" duration="15"/>
        <testCase name="Login error checking Handles bad email" duration="15"/>
    </file>
    <file path="C:\Users\Jackie\Documents\University\SENG302\team-900\frontend\src\components\tests\Users.test.js">
        <testCase name="User profile page tests Check calculateDuration is called" duration="174"/>
        <testCase name="User profile page tests User info loads successfully" duration="22"/>
        <testCase name="User profile page tests addUserToBusiness function is called" duration="45"/>
        <testCase name="Business link tests with businesses Business names load successfully" duration="24"/>
        <testCase name="Business link tests with businesses goToBusinessPage function gets called" duration="17"/>
        <testCase name="Business link tests without businesses Business names don&apos;t appear" duration="18"/>
    </file>
    <file path="C:\Users\Jackie\Documents\University\SENG302\team-900\frontend\src\__tests__\Register.test.js">
        <testCase name="Register error checking Handles empty register" duration="196"/>
        <testCase name="Register error checking Handles only email" duration="54"/>
        <testCase name="Register error checking Handles only password" duration="61"/>
        <testCase name="Register error checking Handles bad email" duration="56"/>
    </file>
</testExecutions>