<?xml version="1.0" encoding="UTF-8"?>
<testExecutions version="1">
    <file path="/home/cosc/student/osh18/WebstormProjects/team-900/frontend/src/components/tests/Business.test.js">
        <testCase name="Business tests is a Vue instance" duration="67"/>
        <testCase name="Business tests has business" duration="10"/>
        <testCase name="Successful login business page loads successfully" duration="12"/>
    </file>
    <file path="/home/cosc/student/osh18/WebstormProjects/team-900/frontend/src/__tests__/Homepage.test.js">
        <testCase name="Homepage user tests User&apos;s first name is shown" duration="60"/>
        <testCase name="Homepage user tests Go to profile gets called when clicked" duration="7"/>
        <testCase name="Homepage business tests is a Vue instance" duration="5"/>
        <testCase name="Homepage business tests Business&apos;s name is shown" duration="5"/>
        <testCase name="Homepage business tests Go to business profile gets called when clicked" duration="6"/>
        <testCase name="Homepage business tests Go to business catalogue gets called when clicked" duration="11"/>
    </file>
    <file path="/home/cosc/student/osh18/WebstormProjects/team-900/frontend/src/__tests__/ActingAs.test.js">
        <testCase name="User acting as tests is a Vue instance" duration="25"/>
        <testCase name="User acting as tests Check username is shown" duration="11"/>
        <testCase name="User acting as tests Check username is displaying the correct username and role" duration="9"/>
        <testCase name="User acting as tests Check user primary businesses list is rendered" duration="9"/>
        <testCase name="User acting as tests Check selecting business in dropdown calls setActingAsBusinessId method" duration="11"/>
        <testCase name="User acting as tests Check selecting user calls setActingAsUser method" duration="7"/>
        <testCase name="User acting as tests Testing the get username" duration="11"/>
    </file>
    <file path="/home/cosc/student/osh18/WebstormProjects/team-900/frontend/src/components/tests/Users.test.js">
        <testCase name="User profile page tests Check calculateDuration is called" duration="136"/>
        <testCase name="User profile page tests User info loads successfully" duration="12"/>
        <testCase name="User profile page tests addUserToBusiness function is called" duration="33"/>
        <testCase name="Business link tests with businesses Business names load successfully" duration="19"/>
        <testCase name="Business link tests with businesses goToBusinessPage function gets called" duration="9"/>
        <testCase name="Business link tests without businesses Business names don&apos;t appear" duration="13"/>
    </file>
    <file path="/home/cosc/student/osh18/WebstormProjects/team-900/frontend/src/__tests__/ModifyCatalog.test.js">
        <testCase name="Component is a Vue instance" duration="74"/>
        <testCase name="Modify Catalogue form error checking Handles empty modification" duration="51"/>
        <testCase name="Modify Catalogue form error checking Handles no product name modification" duration="25"/>
        <testCase name="Modify Catalogue form error checking Handles no product id modification" duration="21"/>
        <testCase name="Modify Catalogue form error checking Handles no manufacturer modification" duration="23"/>
        <testCase name="Modify Catalogue form error checking Handles no rrp modification" duration="22"/>
        <testCase name="Modify Catalogue form error checking Handles negative rrp modification" duration="26"/>
    </file>
    <file path="/home/cosc/student/osh18/WebstormProjects/team-900/frontend/src/__tests__/AddToCatalogue.test.js">
        <testCase name="Component is a Vue instance" duration="54"/>
        <testCase name="Add To Catalogue form error checking Handles empty Register" duration="52"/>
        <testCase name="Add To Catalogue form error checking Handles no product name" duration="25"/>
        <testCase name="Add To Catalogue form error checking Handles no product id" duration="29"/>
        <testCase name="Add To Catalogue form error checking Handles no rrp" duration="24"/>
        <testCase name="Add To Catalogue form error checking Handles negative rrp" duration="20"/>
        <testCase name="Add To Catalogue form error checking Handles no description, manufacturer" duration="24"/>
    </file>
    <file path="/home/cosc/student/osh18/WebstormProjects/team-900/frontend/src/__tests__/Register.test.js">
        <testCase name="Register error checking Handles empty register" duration="78"/>
        <testCase name="Register error checking Handles only email" duration="44"/>
        <testCase name="Register error checking Handles only password" duration="46"/>
        <testCase name="Register error checking Handles bad email" duration="35"/>
    </file>
    <file path="/home/cosc/student/osh18/WebstormProjects/team-900/frontend/src/__tests__/Login.test.js">
        <testCase name="Login error checking Handles empty login" duration="56"/>
        <testCase name="Login error checking Handles only email" duration="11"/>
        <testCase name="Login error checking Handles only password" duration="23"/>
        <testCase name="Login error checking Handles bad email" duration="12"/>
    </file>
    <file path="/home/cosc/student/osh18/WebstormProjects/team-900/frontend/src/components/tests/ImageUpload.test.js">
        <testCase name="Test image upload button uploadImage is called when new file uploaded" duration="13"/>
    </file>
    <file path="/home/cosc/student/osh18/WebstormProjects/team-900/frontend/src/__tests__/Search.test.js">
        <testCase name="Search page tests Table exists when valid data is in response" duration="23"/>
        <testCase name="Search page tests Mobile mode not on when window is normal size" duration="11"/>
        <testCase name="Search page tests Mobile mode active when window size is reduced" duration="9"/>
    </file>
    <file path="/home/cosc/student/osh18/WebstormProjects/team-900/frontend/src/__tests__/RegisterBusiness.test.js">
        <testCase name="Business Register error checking Handles empty Register" duration="39"/>
        <testCase name="Business Register error checking Handles only name" duration="24"/>
        <testCase name="Business Register error checking Handles only a type" duration="20"/>
        <testCase name="Business Register error checking Handles old enough user" duration="18"/>
        <testCase name="Business Register user age checking Handles to young user" duration="17"/>
    </file>
    <file path="/home/cosc/student/osh18/WebstormProjects/team-900/frontend/src/__tests__/ProductCatalogue.test.js">
        <testCase name="Component is a Vue instance" duration="20"/>
        <testCase name="ProductCatalogue business tests Business&apos;s name is shown in the title" duration="12"/>
    </file>
</testExecutions>