<?xml version="1.0" encoding="UTF-8"?>
<testExecutions version="1">
    <file path="C:\Users\Jackie\Documents\University\SENG302\team-900\frontend\src\__tests__\Search.test.js">
        <testCase name="Search page tests Table exists when valid data is in response" duration="121"/>
        <testCase name="Search page tests Mobile mode not on when window is normal size" duration="34"/>
        <testCase name="Search page tests Mobile mode active when window size is reduced" duration="29"/>
    </file>
    <file path="C:\Users\Jackie\Documents\University\SENG302\team-900\frontend\src\__tests__\AddToCatalogue.test.js">
        <testCase name="Component is a Vue instance" duration="103"/>
        <testCase name="Add To Catalogue form error checking Handles empty Register" duration="106"/>
        <testCase name="Add To Catalogue form error checking Handles no product name" duration="55"/>
        <testCase name="Add To Catalogue form error checking Handles no product id" duration="52"/>
        <testCase name="Add To Catalogue form error checking Handles no rrp" duration="37"/>
        <testCase name="Add To Catalogue form error checking Handles negative rrp" duration="42"/>
        <testCase name="Add To Catalogue form error checking Handles no description, manufacturer" duration="32"/>
    </file>
    <file path="C:\Users\Jackie\Documents\University\SENG302\team-900\frontend\src\__tests__\RegisterBusiness.test.js">
        <testCase name="Business Register error checking Handles empty Register" duration="197"/>
        <testCase name="Business Register error checking Handles only name" duration="123"/>
        <testCase name="Business Register error checking Handles only a type" duration="45"/>
        <testCase name="Business Register error checking Handles old enough user" duration="38"/>
        <testCase name="Business Register user age checking Handles to young user" duration="51"/>
    </file>
    <file path="C:\Users\Jackie\Documents\University\SENG302\team-900\frontend\src\__tests__\Login.test.js">
        <testCase name="Login error checking Handles empty login" duration="230"/>
        <testCase name="Login error checking Handles only email" duration="25"/>
        <testCase name="Login error checking Handles only password" duration="21"/>
        <testCase name="Login error checking Handles bad email" duration="18"/>
    </file>
    <file path="C:\Users\Jackie\Documents\University\SENG302\team-900\frontend\src\__tests__\ActingAs.test.js">
        <testCase name="User acting as tests is a Vue instance" duration="125"/>
        <testCase name="User acting as tests Check username is shown" duration="25"/>
        <testCase name="User acting as tests Check username is displaying the correct username and role" duration="16"/>
        <testCase name="User acting as tests Check user primary businesses list is rendered" duration="34"/>
        <testCase name="User acting as tests Check selecting business in dropdown calls setActingAsBusinessId method" duration="25"/>
        <testCase name="User acting as tests Check selecting user calls setActingAsUser method" duration="46"/>
    </file>
    <file path="C:\Users\Jackie\Documents\University\SENG302\team-900\frontend\src\__tests__\ModifyCatalog.test.js">
        <testCase name="Component is a Vue instance" duration="227"/>
        <testCase name="Modify Catalogue form error checking Handles no product name modification" duration="92"/>
        <testCase name="Modify Catalogue form error checking Handles no product id modification" duration="51"/>
        <testCase name="Modify Catalogue form error checking Handles no manufacturer modification" duration="35"/>
        <testCase name="Modify Catalogue form error checking Handles no rrp modification" duration="38"/>
        <testCase name="Modify Catalogue form error checking Handles negative rrp modification" duration="44"/>
    </file>
    <file path="C:\Users\Jackie\Documents\University\SENG302\team-900\frontend\src\__tests__\ProductCatalogue.test.js">
        <testCase name="Component is a Vue instance" duration="166"/>
        <testCase name="ProductCatalogue business tests Business&apos;s name is shown in the title" duration="45"/>
    </file>
    <file path="C:\Users\Jackie\Documents\University\SENG302\team-900\frontend\src\components\tests\Users.test.js">
        <testCase name="User profile page tests Check calculateDuration is called" duration="170"/>
        <testCase name="User profile page tests User info loads successfully" duration="27"/>
        <testCase name="User profile page tests addUserToBusiness function is called" duration="49"/>
        <testCase name="Business link tests with businesses Business names load successfully" duration="26"/>
        <testCase name="Business link tests with businesses goToBusinessPage function gets called" duration="22"/>
        <testCase name="Business link tests without businesses Business names don&apos;t appear" duration="26"/>
    </file>
    <file path="C:\Users\Jackie\Documents\University\SENG302\team-900\frontend\src\__tests__\Homepage.test.js">
        <testCase name="Homepage user tests User&apos;s first name is shown" duration="207"/>
        <testCase name="Homepage user tests Go to profile gets called when clicked" duration="31"/>
        <testCase name="Homepage user tests Go to marketplace is present" duration="17"/>
        <testCase name="Homepage business tests is a Vue instance" duration="18"/>
        <testCase name="Homepage business tests Business&apos;s name is shown" duration="33"/>
        <testCase name="Homepage business tests Go to business profile gets called when clicked" duration="16"/>
        <testCase name="Homepage business tests Go to business catalogue gets called when clicked" duration="20"/>
    </file>
    <file path="C:\Users\Jackie\Documents\University\SENG302\team-900\frontend\src\__tests__\Register.test.js">
        <testCase name="Register error checking Handles empty register" duration="252"/>
        <testCase name="Register error checking Handles only email" duration="74"/>
        <testCase name="Register error checking Handles only password" duration="74"/>
        <testCase name="Register error checking Handles bad email" duration="46"/>
    </file>
    <file path="C:\Users\Jackie\Documents\University\SENG302\team-900\frontend\src\components\tests\ImageUpload.test.js">
        <testCase name="Test image upload button uploadImage is called when new file uploaded" duration="20"/>
    </file>
    <file path="C:\Users\Jackie\Documents\University\SENG302\team-900\frontend\src\__tests__\BusinessListings.test.js">
        <testCase name="Component is a Vue instance" duration="21"/>
        <testCase name="UI tests Table/grid view switch changes successfully" duration="26"/>
    </file>
    <file path="C:\Users\Jackie\Documents\University\SENG302\team-900\frontend\src\components\tests\Business.test.js">
        <testCase name="Business tests is a Vue instance" duration="74"/>
        <testCase name="Business tests has business" duration="14"/>
        <testCase name="Successful login business page loads successfully" duration="13"/>
    </file>
    <file path="C:\Users\Jackie\Documents\University\SENG302\team-900\frontend\src\__tests__\BusinessInventory.test.js">
        <testCase name="Component is a Vue instance" duration="115"/>
    </file>
</testExecutions>