<?xml version="1.0" encoding="UTF-8"?>
<testExecutions version="1">
    <file path="C:\Users\Jackie\Documents\University\SENG302\team-900\frontend\src\components\tests\Business.test.js">
        <testCase name="Business tests is a Vue instance" duration="20"/>
        <testCase name="Business tests has business" duration="5"/>
        <testCase name="Successful login business page loads successfully" duration="53"/>
    </file>
    <file path="C:\Users\Jackie\Documents\University\SENG302\team-900\frontend\src\__tests__\Login.test.js">
        <testCase name="Login error checking Handles empty login" duration="88"/>
        <testCase name="Login error checking Handles only email" duration="14"/>
        <testCase name="Login error checking Handles only password" duration="11"/>
        <testCase name="Login error checking Handles bad email" duration="16"/>
    </file>
    <file path="C:\Users\Jackie\Documents\University\SENG302\team-900\frontend\src\__tests__\ActingAs.test.js">
        <testCase name="User acting as tests is a Vue instance" duration="46"/>
        <testCase name="User acting as tests Check username is shown" duration="51"/>
        <testCase name="User acting as tests Check username is displaying the correct username and role" duration="16"/>
        <testCase name="User acting as tests Check user primary businesses dropdown is rendered" duration="10"/>
        <testCase name="User acting as tests Check selecting business in dropdown calls setActingAsBusinessId method" duration="20"/>
        <testCase name="User acting as tests Check selecting user calls setActingAsUser method" duration="21"/>
    </file>
    <file path="C:\Users\Jackie\Documents\University\SENG302\team-900\frontend\src\__tests__\Homepage.test.js">
        <testCase name="Homepage user tests User&apos;s first name is shown" duration="167"/>
        <testCase name="Homepage user tests Go to profile gets called when clicked" duration="12"/>
        <testCase name="Homepage business tests Business&apos;s name is shown" duration="9"/>
        <testCase name="Homepage business tests Go to business profile gets called when clicked" duration="11"/>
        <testCase name="Homepage business tests Go to business catalogue gets called when clicked" duration="9"/>
    </file>
    <file path="C:\Users\Jackie\Documents\University\SENG302\team-900\frontend\src\__tests__\RegisterBusiness.test.js">
        <testCase name="Business Register error checking Handles empty Register" duration="93"/>
        <testCase name="Business Register error checking Handles only name" duration="40"/>
        <testCase name="Business Register error checking Handles only a type" duration="28"/>
        <testCase name="Business Register error checking Handles old enough user" duration="29"/>
        <testCase name="Business Register user age checking Handles to young user" duration="24"/>
    </file>
    <file path="C:\Users\Jackie\Documents\University\SENG302\team-900\frontend\src\components\tests\Users.test.js">
        <testCase name="User profile page tests Check calculateDuration is called" duration="95"/>
        <testCase name="User profile page tests User info loads successfully" duration="20"/>
        <testCase name="User profile page tests addUserToBusiness function is called" duration="38"/>
        <testCase name="Business link tests with businesses Business names load successfully" duration="16"/>
        <testCase name="Business link tests with businesses goToBusinessPage function gets called" duration="16"/>
        <testCase name="Business link tests without businesses Business names don&apos;t appear" duration="17"/>
    </file>
    <file path="C:\Users\Jackie\Documents\University\SENG302\team-900\frontend\src\__tests__\Register.test.js">
        <testCase name="Register error checking Handles empty register" duration="164"/>
        <testCase name="Register error checking Handles only email" duration="48"/>
        <testCase name="Register error checking Handles only password" duration="49"/>
        <testCase name="Register error checking Handles bad email" duration="39"/>
    </file>
</testExecutions>